This is XeTeX, Version 3.141592653-2.6-0.999993 (TeX Live 2021) (preloaded format=xelatex 2021.11.26)  28 NOV 2021 11:14
entering extended mode
 restricted \write18 enabled.
 %&-line parsing enabled.
**baire.tex
(./baire.tex
LaTeX2e <2021-11-15>
L3 programming layer <2021-11-22>
(/home/zaikunzhang/local/texlive/2021/texmf-dist/tex/latex/base/article.cls
Document Class: article 2021/10/04 v1.4n Standard LaTeX document class
(/home/zaikunzhang/local/texlive/2021/texmf-dist/tex/latex/base/size11.clo
File: size11.clo 2021/10/04 v1.4n Standard LaTeX file (size option)
)
\c@part=\count179
\c@section=\count180
\c@subsection=\count181
\c@subsubsection=\count182
\c@paragraph=\count183
\c@subparagraph=\count184
\c@figure=\count185
\c@table=\count186
\abovecaptionskip=\skip47
\belowcaptionskip=\skip48
\bibindent=\dimen138
)
(/home/zaikunzhang/local/texlive/2021/texmf-dist/tex/latex/oberdiek/ifdraft.sty
Package: ifdraft 2016/05/16 v1.4 Detect class options draft and final (HO)
)
(/home/zaikunzhang/local/texlive/2021/texmf-dist/tex/latex/amsmath/amsmath.sty
Package: amsmath 2021/10/15 v2.17l AMS math features
\@mathmargin=\skip49

For additional information on amsmath, use the `?' option.
(/home/zaikunzhang/local/texlive/2021/texmf-dist/tex/latex/amsmath/amstext.sty
Package: amstext 2021/08/26 v2.01 AMS text

(/home/zaikunzhang/local/texlive/2021/texmf-dist/tex/latex/amsmath/amsgen.sty
File: amsgen.sty 1999/11/30 v2.0 generic functions
\@emptytoks=\toks16
\ex@=\dimen139
)) (/home/zaikunzhang/local/texlive/2021/texmf-dist/tex/latex/amsmath/amsbsy.st
y
Package: amsbsy 1999/11/29 v1.2d Bold Symbols
\pmbraise@=\dimen140
) (/home/zaikunzhang/local/texlive/2021/texmf-dist/tex/latex/amsmath/amsopn.sty
Package: amsopn 2021/08/26 v2.02 operator names
)
\inf@bad=\count187
LaTeX Info: Redefining \frac on input line 234.
\uproot@=\count188
\leftroot@=\count189
LaTeX Info: Redefining \overline on input line 399.
\classnum@=\count190
\DOTSCASE@=\count191
LaTeX Info: Redefining \ldots on input line 496.
LaTeX Info: Redefining \dots on input line 499.
LaTeX Info: Redefining \cdots on input line 620.
\Mathstrutbox@=\box50
\strutbox@=\box51
\big@size=\dimen141
LaTeX Font Info:    Redeclaring font encoding OML on input line 743.
LaTeX Font Info:    Redeclaring font encoding OMS on input line 744.
\macc@depth=\count192
\c@MaxMatrixCols=\count193
\dotsspace@=\muskip16
\c@parentequation=\count194
\dspbrk@lvl=\count195
\tag@help=\toks17
\row@=\count196
\column@=\count197
\maxfields@=\count198
\andhelp@=\toks18
\eqnshift@=\dimen142
\alignsep@=\dimen143
\tagshift@=\dimen144
\tagwidth@=\dimen145
\totwidth@=\dimen146
\lineht@=\dimen147
\@envbody=\toks19
\multlinegap=\skip50
\multlinetaggap=\skip51
\mathdisplay@stack=\toks20
LaTeX Info: Redefining \[ on input line 2938.
LaTeX Info: Redefining \] on input line 2939.
) (/home/zaikunzhang/local/texlive/2021/texmf-dist/tex/latex/amscls/amsthm.sty
Package: amsthm 2020/05/29 v2.20.6
\thm@style=\toks21
\thm@bodyfont=\toks22
\thm@headfont=\toks23
\thm@notefont=\toks24
\thm@headpunct=\toks25
\thm@preskip=\skip52
\thm@postskip=\skip53
\thm@headsep=\skip54
\dth@everypar=\toks26
)
(/home/zaikunzhang/local/texlive/2021/texmf-dist/tex/latex/amsfonts/amssymb.sty
Package: amssymb 2013/01/14 v3.01 AMS font symbols

(/home/zaikunzhang/local/texlive/2021/texmf-dist/tex/latex/amsfonts/amsfonts.st
y
Package: amsfonts 2013/01/14 v3.01 Basic AMSFonts support
\symAMSa=\mathgroup4
\symAMSb=\mathgroup5
LaTeX Font Info:    Redeclaring math symbol \hbar on input line 98.
LaTeX Font Info:    Overwriting math alphabet `\mathfrak' in version `bold'
(Font)                  U/euf/m/n --> U/euf/b/n on input line 106.
))
(/home/zaikunzhang/local/texlive/2021/texmf-dist/tex/latex/mathtools/empheq.sty
Package: empheq 2017/03/31 v2.15 Emphasizing equations

(/home/zaikunzhang/local/texlive/2021/texmf-dist/tex/latex/mathtools/mhsetup.st
y
Package: mhsetup 2021/03/18 v1.4 programming setup (MH)
)
(/home/zaikunzhang/local/texlive/2021/texmf-dist/tex/latex/mathtools/mathtools.
sty
Package: mathtools 2021/04/12 v1.27 mathematical typesetting tools

(/home/zaikunzhang/local/texlive/2021/texmf-dist/tex/latex/graphics/keyval.sty
Package: keyval 2014/10/28 v1.15 key=value parser (DPC)
\KV@toks@=\toks27
) (/home/zaikunzhang/local/texlive/2021/texmf-dist/tex/latex/tools/calc.sty
Package: calc 2017/05/25 v4.3 Infix arithmetic (KKT,FJ)
\calc@Acount=\count199
\calc@Bcount=\count266
\calc@Adimen=\dimen148
\calc@Bdimen=\dimen149
\calc@Askip=\skip55
\calc@Bskip=\skip56
LaTeX Info: Redefining \setlength on input line 80.
LaTeX Info: Redefining \addtolength on input line 81.
\calc@Ccount=\count267
\calc@Cskip=\skip57
)
LaTeX Info: Thecontrolsequence`\('isalreadyrobust on input line 130.
LaTeX Info: Thecontrolsequence`\)'isalreadyrobust on input line 130.
LaTeX Info: Thecontrolsequence`\['isalreadyrobust on input line 130.
LaTeX Info: Thecontrolsequence`\]'isalreadyrobust on input line 130.
\g_MT_multlinerow_int=\count268
\l_MT_multwidth_dim=\dimen150
\origjot=\skip58
\l_MT_shortvdotswithinadjustabove_dim=\dimen151
\l_MT_shortvdotswithinadjustbelow_dim=\dimen152
\l_MT_above_intertext_sep=\dimen153
\l_MT_below_intertext_sep=\dimen154
\l_MT_above_shortintertext_sep=\dimen155
\l_MT_below_shortintertext_sep=\dimen156
\xmathstrut@box=\box52
\xmathstrut@dim=\dimen157
)
\l_EQ_equationtype_int=\count269
\l_EQ_alignmentmode_int=\count270
\l_EQ_totalwidth_dim=\dimen158
\l_EQ_displaywidth_dim=\dimen159
\l_EQ_temp_linewidth_dim=\dimen160
\l_EQ_linewidth_dim=\dimen161
\EmphEqdelimitershortfall=\dimen162
\EmphEqdelimiterfactor=\count271
\g_EQ_toptag_height_dim=\dimen163
\g_EQ_bottomtag_depth_dim=\dimen164
\g_EQ_toprow_height_dim=\dimen165
\g_EQ_bottomrow_depth_dim=\dimen166
\g_EQ_widesttag_dim=\dimen167
\EQ_mathdisplay_box=\box53
\EQ_tag_box=\box54
\g_EQ_temprow_int=\count272
)
(/home/zaikunzhang/local/texlive/2021/texmf-dist/tex/latex/tools/bm.sty
Package: bm 2021/04/25 v1.2e Bold Symbol Support (DPC/FMi)
\symboldoperators=\mathgroup6
\symboldletters=\mathgroup7
\symboldsymbols=\mathgroup8
Package bm Info: No bold for \OMX/cmex/m/n, using \pmb.
Package bm Info: No bold for \U/msa/m/n, using \pmb.
Package bm Info: No bold for \U/msb/m/n, using \pmb.
LaTeX Font Info:    Redeclaring math alphabet \mathbf on input line 149.
)
(/home/zaikunzhang/local/texlive/2021/texmf-dist/tex/latex/tools/enumerate.sty
Package: enumerate 2015/07/23 v3.00 enumerate extensions (DPC)
\@enLab=\toks28
) (/home/zaikunzhang/local/texlive/2021/texmf-dist/tex/latex/graphics/lscape.st
y
Package: lscape 2020/05/28 v3.02 Landscape Pages (DPC)

(/home/zaikunzhang/local/texlive/2021/texmf-dist/tex/latex/graphics/graphics.st
y
Package: graphics 2021/03/04 v1.4d Standard LaTeX Graphics (DPC,SPQR)
 (/home/zaikunzhang/local/texlive/2021/texmf-dist/tex/latex/graphics/trig.sty
Package: trig 2021/08/11 v1.11 sin cos tan (DPC)
)
(/home/zaikunzhang/local/texlive/2021/texmf-dist/tex/latex/graphics-cfg/graphic
s.cfg
File: graphics.cfg 2016/06/04 v1.11 sample graphics configuration
)
Package graphics Info: Driver file: xetex.def on input line 107.

(/home/zaikunzhang/local/texlive/2021/texmf-dist/tex/latex/graphics-def/xetex.d
ef
File: xetex.def 2021/03/18 v5.0k Graphics/color driver for xetex
)))
(/home/zaikunzhang/local/texlive/2021/texmf-dist/tex/latex/tools/longtable.sty
Package: longtable 2021-09-01 v4.17 Multi-page Table package (DPC)
\LTleft=\skip59
\LTright=\skip60
\LTpre=\skip61
\LTpost=\skip62
\LTchunksize=\count273
\LTcapwidth=\dimen168
\LT@head=\box55
\LT@firsthead=\box56
\LT@foot=\box57
\LT@lastfoot=\box58
\LT@gbox=\box59
\LT@cols=\count274
\LT@rows=\count275
\c@LT@tables=\count276
\c@LT@chunks=\count277
\LT@p@ftn=\toks29
) (/home/zaikunzhang/local/texlive/2021/texmf-dist/tex/latex/graphics/color.sty
Package: color 2021/10/11 v1.3b Standard LaTeX Color (DPC)

(/home/zaikunzhang/local/texlive/2021/texmf-dist/tex/latex/graphics-cfg/color.c
fg
File: color.cfg 2016/01/02 v1.6 sample color configuration
)
Package color Info: Driver file: xetex.def on input line 149.
)
(/home/zaikunzhang/local/texlive/2021/texmf-dist/tex/latex/jknapltx/mathbbol.st
y
Package: mathbbol 1995/01/01
\symbbold=\mathgroup9
)
(/home/zaikunzhang/local/texlive/2021/texmf-dist/tex/latex/bbm-macros/bbm.sty
Package: bbm 1999/03/15 V 1.2 provides fonts for set symbols - TH
LaTeX Font Info:    Redeclaring math alphabet \mathbbm on input line 32.
LaTeX Font Info:    Overwriting math alphabet `\mathbbm' in version `bold'
(Font)                  U/bbm/m/n --> U/bbm/bx/n on input line 33.
LaTeX Font Info:    Overwriting math alphabet `\mathbbmss' in version `bold'
(Font)                  U/bbmss/m/n --> U/bbmss/bx/n on input line 35.
)
(/home/zaikunzhang/local/texlive/2021/texmf-dist/tex/latex/url/url.sty
\Urlmuskip=\muskip17
Package: url 2013/09/16  ver 3.4  Verb mode for urls, etc.
)
(/home/zaikunzhang/local/texlive/2021/texmf-dist/tex/latex/graphics/rotating.st
y
Package: rotating 2016/08/11 v2.16d rotated objects in LaTeX

(/home/zaikunzhang/local/texlive/2021/texmf-dist/tex/latex/graphics/graphicx.st
y
Package: graphicx 2021/09/16 v1.2d Enhanced LaTeX Graphics (DPC,SPQR)
\Gin@req@height=\dimen169
\Gin@req@width=\dimen170
) (/home/zaikunzhang/local/texlive/2021/texmf-dist/tex/latex/base/ifthen.sty
Package: ifthen 2020/11/24 v1.1c Standard LaTeX ifthen package (DPC)
)
\c@r@tfl@t=\count278
\rotFPtop=\skip63
\rotFPbot=\skip64
\rot@float@box=\box60
\rot@mess@toks=\toks30
) (/home/zaikunzhang/local/texlive/2021/texmf-dist/tex/latex/eqlist/eqlist.sty
eqlist.sty by M. Vaeth: Revision 2.1
Package: eqlist 2002/08/15 v2.1

(/home/zaikunzhang/local/texlive/2021/texmf-dist/tex/latex/eqparbox/eqparbox.st
y
Package: eqparbox 2017/09/03 v4.1 Create equal-widthed boxes
\eqp@tempdima=\skip65
\eqp@tempdimb=\skip66
 (/home/zaikunzhang/local/texlive/2021/texmf-dist/tex/latex/tools/array.sty
Package: array 2021/10/04 v2.5f Tabular extension package (FMi)
\col@sep=\dimen171
\ar@mcellbox=\box61
\extrarowheight=\dimen172
\NC@list=\toks31
\extratabsurround=\skip67
\backup@length=\skip68
\ar@cellbox=\box62
)
\eqp@tabular@box=\box63
\eqp@list@box=\box64
\eqp@list@indent=\skip69

(/home/zaikunzhang/local/texlive/2021/texmf-dist/tex/latex/environ/environ.sty
Package: environ 2014/05/04 v0.3 A new way to define environments

(/home/zaikunzhang/local/texlive/2021/texmf-dist/tex/latex/trimspaces/trimspace
s.sty
Package: trimspaces 2009/09/17 v1.1 Trim spaces around a token list
)))
\eql@cnt=\count279
)
(/home/zaikunzhang/local/texlive/2021/texmf-dist/tex/latex/pgf/frontendlayer/ti
kz.sty
(/home/zaikunzhang/local/texlive/2021/texmf-dist/tex/latex/pgf/basiclayer/pgf.s
ty
(/home/zaikunzhang/local/texlive/2021/texmf-dist/tex/latex/pgf/utilities/pgfrcs
.sty
(/home/zaikunzhang/local/texlive/2021/texmf-dist/tex/generic/pgf/utilities/pgfu
til-common.tex
\pgfutil@everybye=\toks32
\pgfutil@tempdima=\dimen173
\pgfutil@tempdimb=\dimen174

(/home/zaikunzhang/local/texlive/2021/texmf-dist/tex/generic/pgf/utilities/pgfu
til-common-lists.tex))
(/home/zaikunzhang/local/texlive/2021/texmf-dist/tex/generic/pgf/utilities/pgfu
til-latex.def
\pgfutil@abb=\box65
)
(/home/zaikunzhang/local/texlive/2021/texmf-dist/tex/generic/pgf/utilities/pgfr
cs.code.tex
(/home/zaikunzhang/local/texlive/2021/texmf-dist/tex/generic/pgf/pgf.revision.t
ex)
Package: pgfrcs 2021/05/15 v3.1.9a (3.1.9a)
))
Package: pgf 2021/05/15 v3.1.9a (3.1.9a)

(/home/zaikunzhang/local/texlive/2021/texmf-dist/tex/latex/pgf/basiclayer/pgfco
re.sty
(/home/zaikunzhang/local/texlive/2021/texmf-dist/tex/latex/pgf/systemlayer/pgfs
ys.sty
(/home/zaikunzhang/local/texlive/2021/texmf-dist/tex/generic/pgf/systemlayer/pg
fsys.code.tex
Package: pgfsys 2021/05/15 v3.1.9a (3.1.9a)

(/home/zaikunzhang/local/texlive/2021/texmf-dist/tex/generic/pgf/utilities/pgfk
eys.code.tex
\pgfkeys@pathtoks=\toks33
\pgfkeys@temptoks=\toks34

(/home/zaikunzhang/local/texlive/2021/texmf-dist/tex/generic/pgf/utilities/pgfk
eysfiltered.code.tex
\pgfkeys@tmptoks=\toks35
))
\pgf@x=\dimen175
\pgf@y=\dimen176
\pgf@xa=\dimen177
\pgf@ya=\dimen178
\pgf@xb=\dimen179
\pgf@yb=\dimen180
\pgf@xc=\dimen181
\pgf@yc=\dimen182
\pgf@xd=\dimen183
\pgf@yd=\dimen184
\w@pgf@writea=\write3
\r@pgf@reada=\read2
\c@pgf@counta=\count280
\c@pgf@countb=\count281
\c@pgf@countc=\count282
\c@pgf@countd=\count283
\t@pgf@toka=\toks36
\t@pgf@tokb=\toks37
\t@pgf@tokc=\toks38
\pgf@sys@id@count=\count284

(/home/zaikunzhang/local/texlive/2021/texmf-dist/tex/generic/pgf/systemlayer/pg
f.cfg
File: pgf.cfg 2021/05/15 v3.1.9a (3.1.9a)
)
Driver file for pgf: pgfsys-xetex.def

(/home/zaikunzhang/local/texlive/2021/texmf-dist/tex/generic/pgf/systemlayer/pg
fsys-xetex.def
File: pgfsys-xetex.def 2021/05/15 v3.1.9a (3.1.9a)

(/home/zaikunzhang/local/texlive/2021/texmf-dist/tex/generic/pgf/systemlayer/pg
fsys-dvipdfmx.def
File: pgfsys-dvipdfmx.def 2021/05/15 v3.1.9a (3.1.9a)

(/home/zaikunzhang/local/texlive/2021/texmf-dist/tex/generic/pgf/systemlayer/pg
fsys-common-pdf.def
File: pgfsys-common-pdf.def 2021/05/15 v3.1.9a (3.1.9a)
)
\pgfsys@objnum=\count285
)))
(/home/zaikunzhang/local/texlive/2021/texmf-dist/tex/generic/pgf/systemlayer/pg
fsyssoftpath.code.tex
File: pgfsyssoftpath.code.tex 2021/05/15 v3.1.9a (3.1.9a)
\pgfsyssoftpath@smallbuffer@items=\count286
\pgfsyssoftpath@bigbuffer@items=\count287
)
(/home/zaikunzhang/local/texlive/2021/texmf-dist/tex/generic/pgf/systemlayer/pg
fsysprotocol.code.tex
File: pgfsysprotocol.code.tex 2021/05/15 v3.1.9a (3.1.9a)
))
(/home/zaikunzhang/local/texlive/2021/texmf-dist/tex/latex/xcolor/xcolor.sty
Package: xcolor 2021/10/31 v2.13 LaTeX color extensions (UK)

(/home/zaikunzhang/local/texlive/2021/texmf-dist/tex/latex/graphics-cfg/color.c
fg
File: color.cfg 2016/01/02 v1.6 sample color configuration
)
Package xcolor Info: Driver file: xetex.def on input line 227.
LaTeX Info: Redefining \color on input line 711.
Package xcolor Info: Model `cmy' substituted by `cmy0' on input line 1352.
Package xcolor Info: Model `RGB' extended on input line 1368.
Package xcolor Info: Model `HTML' substituted by `rgb' on input line 1370.
Package xcolor Info: Model `Hsb' substituted by `hsb' on input line 1371.
Package xcolor Info: Model `tHsb' substituted by `hsb' on input line 1372.
Package xcolor Info: Model `HSB' substituted by `hsb' on input line 1373.
Package xcolor Info: Model `Gray' substituted by `gray' on input line 1374.
Package xcolor Info: Model `wave' substituted by `hsb' on input line 1375.
)
(/home/zaikunzhang/local/texlive/2021/texmf-dist/tex/generic/pgf/basiclayer/pgf
core.code.tex
Package: pgfcore 2021/05/15 v3.1.9a (3.1.9a)

(/home/zaikunzhang/local/texlive/2021/texmf-dist/tex/generic/pgf/math/pgfmath.c
ode.tex
(/home/zaikunzhang/local/texlive/2021/texmf-dist/tex/generic/pgf/math/pgfmathca
lc.code.tex
(/home/zaikunzhang/local/texlive/2021/texmf-dist/tex/generic/pgf/math/pgfmathut
il.code.tex)
(/home/zaikunzhang/local/texlive/2021/texmf-dist/tex/generic/pgf/math/pgfmathpa
rser.code.tex
\pgfmath@dimen=\dimen185
\pgfmath@count=\count288
\pgfmath@box=\box66
\pgfmath@toks=\toks39
\pgfmath@stack@operand=\toks40
\pgfmath@stack@operation=\toks41
)
(/home/zaikunzhang/local/texlive/2021/texmf-dist/tex/generic/pgf/math/pgfmathfu
nctions.code.tex
(/home/zaikunzhang/local/texlive/2021/texmf-dist/tex/generic/pgf/math/pgfmathfu
nctions.basic.code.tex)
(/home/zaikunzhang/local/texlive/2021/texmf-dist/tex/generic/pgf/math/pgfmathfu
nctions.trigonometric.code.tex)
(/home/zaikunzhang/local/texlive/2021/texmf-dist/tex/generic/pgf/math/pgfmathfu
nctions.random.code.tex)
(/home/zaikunzhang/local/texlive/2021/texmf-dist/tex/generic/pgf/math/pgfmathfu
nctions.comparison.code.tex)
(/home/zaikunzhang/local/texlive/2021/texmf-dist/tex/generic/pgf/math/pgfmathfu
nctions.base.code.tex)
(/home/zaikunzhang/local/texlive/2021/texmf-dist/tex/generic/pgf/math/pgfmathfu
nctions.round.code.tex)
(/home/zaikunzhang/local/texlive/2021/texmf-dist/tex/generic/pgf/math/pgfmathfu
nctions.misc.code.tex)
(/home/zaikunzhang/local/texlive/2021/texmf-dist/tex/generic/pgf/math/pgfmathfu
nctions.integerarithmetics.code.tex)))
(/home/zaikunzhang/local/texlive/2021/texmf-dist/tex/generic/pgf/math/pgfmathfl
oat.code.tex
\c@pgfmathroundto@lastzeros=\count289
))
(/home/zaikunzhang/local/texlive/2021/texmf-dist/tex/generic/pgf/math/pgfint.co
de.tex)
(/home/zaikunzhang/local/texlive/2021/texmf-dist/tex/generic/pgf/basiclayer/pgf
corepoints.code.tex
File: pgfcorepoints.code.tex 2021/05/15 v3.1.9a (3.1.9a)
\pgf@picminx=\dimen186
\pgf@picmaxx=\dimen187
\pgf@picminy=\dimen188
\pgf@picmaxy=\dimen189
\pgf@pathminx=\dimen190
\pgf@pathmaxx=\dimen191
\pgf@pathminy=\dimen192
\pgf@pathmaxy=\dimen193
\pgf@xx=\dimen194
\pgf@xy=\dimen195
\pgf@yx=\dimen196
\pgf@yy=\dimen197
\pgf@zx=\dimen198
\pgf@zy=\dimen199
)
(/home/zaikunzhang/local/texlive/2021/texmf-dist/tex/generic/pgf/basiclayer/pgf
corepathconstruct.code.tex
File: pgfcorepathconstruct.code.tex 2021/05/15 v3.1.9a (3.1.9a)
\pgf@path@lastx=\dimen256
\pgf@path@lasty=\dimen257
)
(/home/zaikunzhang/local/texlive/2021/texmf-dist/tex/generic/pgf/basiclayer/pgf
corepathusage.code.tex
File: pgfcorepathusage.code.tex 2021/05/15 v3.1.9a (3.1.9a)
\pgf@shorten@end@additional=\dimen258
\pgf@shorten@start@additional=\dimen259
)
(/home/zaikunzhang/local/texlive/2021/texmf-dist/tex/generic/pgf/basiclayer/pgf
corescopes.code.tex
File: pgfcorescopes.code.tex 2021/05/15 v3.1.9a (3.1.9a)
\pgfpic=\box67
\pgf@hbox=\box68
\pgf@layerbox@main=\box69
\pgf@picture@serial@count=\count290
)
(/home/zaikunzhang/local/texlive/2021/texmf-dist/tex/generic/pgf/basiclayer/pgf
coregraphicstate.code.tex
File: pgfcoregraphicstate.code.tex 2021/05/15 v3.1.9a (3.1.9a)
\pgflinewidth=\dimen260
)
(/home/zaikunzhang/local/texlive/2021/texmf-dist/tex/generic/pgf/basiclayer/pgf
coretransformations.code.tex
File: pgfcoretransformations.code.tex 2021/05/15 v3.1.9a (3.1.9a)
\pgf@pt@x=\dimen261
\pgf@pt@y=\dimen262
\pgf@pt@temp=\dimen263
)
(/home/zaikunzhang/local/texlive/2021/texmf-dist/tex/generic/pgf/basiclayer/pgf
corequick.code.tex
File: pgfcorequick.code.tex 2021/05/15 v3.1.9a (3.1.9a)
)
(/home/zaikunzhang/local/texlive/2021/texmf-dist/tex/generic/pgf/basiclayer/pgf
coreobjects.code.tex
File: pgfcoreobjects.code.tex 2021/05/15 v3.1.9a (3.1.9a)
)
(/home/zaikunzhang/local/texlive/2021/texmf-dist/tex/generic/pgf/basiclayer/pgf
corepathprocessing.code.tex
File: pgfcorepathprocessing.code.tex 2021/05/15 v3.1.9a (3.1.9a)
)
(/home/zaikunzhang/local/texlive/2021/texmf-dist/tex/generic/pgf/basiclayer/pgf
corearrows.code.tex
File: pgfcorearrows.code.tex 2021/05/15 v3.1.9a (3.1.9a)
\pgfarrowsep=\dimen264
)
(/home/zaikunzhang/local/texlive/2021/texmf-dist/tex/generic/pgf/basiclayer/pgf
coreshade.code.tex
File: pgfcoreshade.code.tex 2021/05/15 v3.1.9a (3.1.9a)
\pgf@max=\dimen265
\pgf@sys@shading@range@num=\count291
\pgf@shadingcount=\count292
)
(/home/zaikunzhang/local/texlive/2021/texmf-dist/tex/generic/pgf/basiclayer/pgf
coreimage.code.tex
File: pgfcoreimage.code.tex 2021/05/15 v3.1.9a (3.1.9a)

(/home/zaikunzhang/local/texlive/2021/texmf-dist/tex/generic/pgf/basiclayer/pgf
coreexternal.code.tex
File: pgfcoreexternal.code.tex 2021/05/15 v3.1.9a (3.1.9a)
\pgfexternal@startupbox=\box70
))
(/home/zaikunzhang/local/texlive/2021/texmf-dist/tex/generic/pgf/basiclayer/pgf
corelayers.code.tex
File: pgfcorelayers.code.tex 2021/05/15 v3.1.9a (3.1.9a)
)
(/home/zaikunzhang/local/texlive/2021/texmf-dist/tex/generic/pgf/basiclayer/pgf
coretransparency.code.tex
File: pgfcoretransparency.code.tex 2021/05/15 v3.1.9a (3.1.9a)
)
(/home/zaikunzhang/local/texlive/2021/texmf-dist/tex/generic/pgf/basiclayer/pgf
corepatterns.code.tex
File: pgfcorepatterns.code.tex 2021/05/15 v3.1.9a (3.1.9a)
)
(/home/zaikunzhang/local/texlive/2021/texmf-dist/tex/generic/pgf/basiclayer/pgf
corerdf.code.tex
File: pgfcorerdf.code.tex 2021/05/15 v3.1.9a (3.1.9a)
)))
(/home/zaikunzhang/local/texlive/2021/texmf-dist/tex/generic/pgf/modules/pgfmod
uleshapes.code.tex
File: pgfmoduleshapes.code.tex 2021/05/15 v3.1.9a (3.1.9a)
\pgfnodeparttextbox=\box71
)
(/home/zaikunzhang/local/texlive/2021/texmf-dist/tex/generic/pgf/modules/pgfmod
uleplot.code.tex
File: pgfmoduleplot.code.tex 2021/05/15 v3.1.9a (3.1.9a)
)
(/home/zaikunzhang/local/texlive/2021/texmf-dist/tex/latex/pgf/compatibility/pg
fcomp-version-0-65.sty
Package: pgfcomp-version-0-65 2021/05/15 v3.1.9a (3.1.9a)
\pgf@nodesepstart=\dimen266
\pgf@nodesepend=\dimen267
)
(/home/zaikunzhang/local/texlive/2021/texmf-dist/tex/latex/pgf/compatibility/pg
fcomp-version-1-18.sty
Package: pgfcomp-version-1-18 2021/05/15 v3.1.9a (3.1.9a)
))
(/home/zaikunzhang/local/texlive/2021/texmf-dist/tex/latex/pgf/utilities/pgffor
.sty
(/home/zaikunzhang/local/texlive/2021/texmf-dist/tex/latex/pgf/utilities/pgfkey
s.sty
(/home/zaikunzhang/local/texlive/2021/texmf-dist/tex/generic/pgf/utilities/pgfk
eys.code.tex))
(/home/zaikunzhang/local/texlive/2021/texmf-dist/tex/latex/pgf/math/pgfmath.sty

(/home/zaikunzhang/local/texlive/2021/texmf-dist/tex/generic/pgf/math/pgfmath.c
ode.tex))
(/home/zaikunzhang/local/texlive/2021/texmf-dist/tex/generic/pgf/utilities/pgff
or.code.tex
Package: pgffor 2021/05/15 v3.1.9a (3.1.9a)

(/home/zaikunzhang/local/texlive/2021/texmf-dist/tex/generic/pgf/math/pgfmath.c
ode.tex)
\pgffor@iter=\dimen268
\pgffor@skip=\dimen269
\pgffor@stack=\toks42
\pgffor@toks=\toks43
))
(/home/zaikunzhang/local/texlive/2021/texmf-dist/tex/generic/pgf/frontendlayer/
tikz/tikz.code.tex
Package: tikz 2021/05/15 v3.1.9a (3.1.9a)

(/home/zaikunzhang/local/texlive/2021/texmf-dist/tex/generic/pgf/libraries/pgfl
ibraryplothandlers.code.tex
File: pgflibraryplothandlers.code.tex 2021/05/15 v3.1.9a (3.1.9a)
\pgf@plot@mark@count=\count293
\pgfplotmarksize=\dimen270
)
\tikz@lastx=\dimen271
\tikz@lasty=\dimen272
\tikz@lastxsaved=\dimen273
\tikz@lastysaved=\dimen274
\tikz@lastmovetox=\dimen275
\tikz@lastmovetoy=\dimen276
\tikzleveldistance=\dimen277
\tikzsiblingdistance=\dimen278
\tikz@figbox=\box72
\tikz@figbox@bg=\box73
\tikz@tempbox=\box74
\tikz@tempbox@bg=\box75
\tikztreelevel=\count294
\tikznumberofchildren=\count295
\tikznumberofcurrentchild=\count296
\tikz@fig@count=\count297

(/home/zaikunzhang/local/texlive/2021/texmf-dist/tex/generic/pgf/modules/pgfmod
ulematrix.code.tex
File: pgfmodulematrix.code.tex 2021/05/15 v3.1.9a (3.1.9a)
\pgfmatrixcurrentrow=\count298
\pgfmatrixcurrentcolumn=\count299
\pgf@matrix@numberofcolumns=\count300
)
\tikz@expandcount=\count301

(/home/zaikunzhang/local/texlive/2021/texmf-dist/tex/generic/pgf/frontendlayer/
tikz/libraries/tikzlibrarytopaths.code.tex
File: tikzlibrarytopaths.code.tex 2021/05/15 v3.1.9a (3.1.9a)
)))
(/home/zaikunzhang/local/texlive/2021/texmf-dist/tex/latex/tikzscale/tikzscale.
sty
Package: tikzscale 2013/05/22 v0.2.6 tikzscale LaTeX package

(/home/zaikunzhang/local/texlive/2021/texmf-dist/tex/latex/etoolbox/etoolbox.st
y
Package: etoolbox 2020/10/05 v2.5k e-TeX tools for LaTeX (JAW)
\etb@tempcnta=\count302
)
(/home/zaikunzhang/local/texlive/2021/texmf-dist/tex/latex/l3packages/xparse/xp
arse.sty
(/home/zaikunzhang/local/texlive/2021/texmf-dist/tex/latex/l3kernel/expl3.sty
Package: expl3 2021-11-22 L3 programming layer (loader) 

(/home/zaikunzhang/local/texlive/2021/texmf-dist/tex/latex/l3backend/l3backend-
xetex.def
File: l3backend-xetex.def 2021-10-18 L3 backend support: XeTeX
 (|extractbb --version)
\c__kernel_sys_dvipdfmx_version_int=\count303
\l__color_backend_stack_int=\count304
\g__color_backend_stack_int=\count305
\g__graphics_track_int=\count306
\l__pdf_internal_box=\box76
\g__pdf_backend_object_int=\count307
\g__pdf_backend_annotation_int=\count308
\g__pdf_backend_link_int=\count309
))
Package: xparse 2021-11-12 L3 Experimental document command parser
)
(/home/zaikunzhang/local/texlive/2021/texmf-dist/tex/latex/letltxmacro/letltxma
cro.sty
Package: letltxmacro 2019/12/03 v1.6 Let assignment for LaTeX macros (HO)
)
(/home/zaikunzhang/local/texlive/2021/texmf-dist/tex/generic/xstring/xstring.st
y
(/home/zaikunzhang/local/texlive/2021/texmf-dist/tex/generic/xstring/xstring.te
x
\integerpart=\count310
\decimalpart=\count311
)
Package: xstring 2021/07/21 v1.84 String manipulations (CT)
)
\tikzscale@measuredSize=\box77
)
(/home/zaikunzhang/local/texlive/2021/texmf-dist/tex/latex/tikz-cd/tikz-cd.sty
Package: tikz-cd 2021/05/04 v1.0 Commutative diagrams with TikZ

(/home/zaikunzhang/local/texlive/2021/texmf-dist/tex/generic/tikz-cd/tikzlibrar
ycd.code.tex
(/home/zaikunzhang/local/texlive/2021/texmf-dist/tex/generic/pgf/frontendlayer/
tikz/libraries/tikzlibrarymatrix.code.tex
File: tikzlibrarymatrix.code.tex 2021/05/15 v3.1.9a (3.1.9a)
)
(/home/zaikunzhang/local/texlive/2021/texmf-dist/tex/generic/pgf/frontendlayer/
tikz/libraries/tikzlibraryquotes.code.tex
File: tikzlibraryquotes.code.tex 2021/05/15 v3.1.9a (3.1.9a)
)
(/home/zaikunzhang/local/texlive/2021/texmf-dist/tex/generic/pgf/libraries/pgfl
ibraryarrows.meta.code.tex
File: pgflibraryarrows.meta.code.tex 2021/05/15 v3.1.9a (3.1.9a)
\pgfarrowinset=\dimen279
\pgfarrowlength=\dimen280
\pgfarrowwidth=\dimen281
\pgfarrowlinewidth=\dimen282
)))
(/home/zaikunzhang/local/texlive/2021/texmf-dist/tex/generic/pgf/frontendlayer/
tikz/libraries/tikzlibraryarrows.code.tex
File: tikzlibraryarrows.code.tex 2021/05/15 v3.1.9a (3.1.9a)

(/home/zaikunzhang/local/texlive/2021/texmf-dist/tex/generic/pgf/libraries/pgfl
ibraryarrows.code.tex
File: pgflibraryarrows.code.tex 2021/05/15 v3.1.9a (3.1.9a)
\arrowsize=\dimen283
))
(/home/zaikunzhang/local/texlive/2021/texmf-dist/tex/generic/pgf/frontendlayer/
tikz/libraries/tikzlibrarypatterns.code.tex
File: tikzlibrarypatterns.code.tex 2021/05/15 v3.1.9a (3.1.9a)

(/home/zaikunzhang/local/texlive/2021/texmf-dist/tex/generic/pgf/libraries/pgfl
ibrarypatterns.code.tex
File: pgflibrarypatterns.code.tex 2021/05/15 v3.1.9a (3.1.9a)
))
(/home/zaikunzhang/local/texlive/2021/texmf-dist/tex/generic/pgf/frontendlayer/
tikz/libraries/tikzlibrarypositioning.code.tex
File: tikzlibrarypositioning.code.tex 2021/05/15 v3.1.9a (3.1.9a)
)
(/home/zaikunzhang/local/texlive/2021/texmf-dist/tex/generic/pgf/frontendlayer/
tikz/libraries/tikzlibrarydecorations.markings.code.tex
(/home/zaikunzhang/local/texlive/2021/texmf-dist/tex/generic/pgf/frontendlayer/
tikz/libraries/tikzlibrarydecorations.code.tex
(/home/zaikunzhang/local/texlive/2021/texmf-dist/tex/generic/pgf/modules/pgfmod
uledecorations.code.tex
\pgfdecoratedcompleteddistance=\dimen284
\pgfdecoratedremainingdistance=\dimen285
\pgfdecoratedinputsegmentcompleteddistance=\dimen286
\pgfdecoratedinputsegmentremainingdistance=\dimen287
\pgf@decorate@distancetomove=\dimen288
\pgf@decorate@repeatstate=\count312
\pgfdecorationsegmentamplitude=\dimen289
\pgfdecorationsegmentlength=\dimen290
)
\tikz@lib@dec@box=\box78
)
(/home/zaikunzhang/local/texlive/2021/texmf-dist/tex/generic/pgf/libraries/deco
rations/pgflibrarydecorations.markings.code.tex))
(/home/zaikunzhang/local/texlive/2021/texmf-dist/tex/generic/pgf/frontendlayer/
tikz/libraries/tikzlibraryshapes.code.tex
File: tikzlibraryshapes.code.tex 2021/05/15 v3.1.9a (3.1.9a)

(/home/zaikunzhang/local/texlive/2021/texmf-dist/tex/generic/pgf/frontendlayer/
tikz/libraries/tikzlibraryshapes.geometric.code.tex
File: tikzlibraryshapes.geometric.code.tex 2021/05/15 v3.1.9a (3.1.9a)

(/home/zaikunzhang/local/texlive/2021/texmf-dist/tex/generic/pgf/libraries/shap
es/pgflibraryshapes.geometric.code.tex
File: pgflibraryshapes.geometric.code.tex 2021/05/15 v3.1.9a (3.1.9a)
))
(/home/zaikunzhang/local/texlive/2021/texmf-dist/tex/generic/pgf/frontendlayer/
tikz/libraries/tikzlibraryshapes.misc.code.tex
File: tikzlibraryshapes.misc.code.tex 2021/05/15 v3.1.9a (3.1.9a)

(/home/zaikunzhang/local/texlive/2021/texmf-dist/tex/generic/pgf/libraries/shap
es/pgflibraryshapes.misc.code.tex
File: pgflibraryshapes.misc.code.tex 2021/05/15 v3.1.9a (3.1.9a)
))
(/home/zaikunzhang/local/texlive/2021/texmf-dist/tex/generic/pgf/frontendlayer/
tikz/libraries/tikzlibraryshapes.symbols.code.tex
File: tikzlibraryshapes.symbols.code.tex 2021/05/15 v3.1.9a (3.1.9a)

(/home/zaikunzhang/local/texlive/2021/texmf-dist/tex/generic/pgf/libraries/shap
es/pgflibraryshapes.symbols.code.tex
File: pgflibraryshapes.symbols.code.tex 2021/05/15 v3.1.9a (3.1.9a)
))
(/home/zaikunzhang/local/texlive/2021/texmf-dist/tex/generic/pgf/frontendlayer/
tikz/libraries/tikzlibraryshapes.arrows.code.tex
File: tikzlibraryshapes.arrows.code.tex 2021/05/15 v3.1.9a (3.1.9a)

(/home/zaikunzhang/local/texlive/2021/texmf-dist/tex/generic/pgf/libraries/shap
es/pgflibraryshapes.arrows.code.tex
File: pgflibraryshapes.arrows.code.tex 2021/05/15 v3.1.9a (3.1.9a)
))
(/home/zaikunzhang/local/texlive/2021/texmf-dist/tex/generic/pgf/frontendlayer/
tikz/libraries/tikzlibraryshapes.callouts.code.tex
(/home/zaikunzhang/local/texlive/2021/texmf-dist/tex/generic/pgf/libraries/shap
es/pgflibraryshapes.callouts.code.tex))
(/home/zaikunzhang/local/texlive/2021/texmf-dist/tex/generic/pgf/frontendlayer/
tikz/libraries/tikzlibraryshapes.multipart.code.tex
File: tikzlibraryshapes.multipart.code.tex 2021/05/15 v3.1.9a (3.1.9a)

(/home/zaikunzhang/local/texlive/2021/texmf-dist/tex/generic/pgf/libraries/shap
es/pgflibraryshapes.multipart.code.tex
File: pgflibraryshapes.multipart.code.tex 2021/05/15 v3.1.9a (3.1.9a)
\pgfnodepartlowerbox=\box79
\pgfnodeparttwobox=\box80
\pgfnodepartthreebox=\box81
\pgfnodepartfourbox=\box82
\pgfnodeparttwentybox=\box83
\pgfnodepartnineteenbox=\box84
\pgfnodeparteighteenbox=\box85
\pgfnodepartseventeenbox=\box86
\pgfnodepartsixteenbox=\box87
\pgfnodepartfifteenbox=\box88
\pgfnodepartfourteenbox=\box89
\pgfnodepartthirteenbox=\box90
\pgfnodeparttwelvebox=\box91
\pgfnodepartelevenbox=\box92
\pgfnodeparttenbox=\box93
\pgfnodepartninebox=\box94
\pgfnodeparteightbox=\box95
\pgfnodepartsevenbox=\box96
\pgfnodepartsixbox=\box97
\pgfnodepartfivebox=\box98
)))
(/home/zaikunzhang/local/texlive/2021/texmf-dist/tex/latex/pgfplots/pgfplots.st
y
(/home/zaikunzhang/local/texlive/2021/texmf-dist/tex/generic/pgfplots/pgfplots.
revision.tex)
Package: pgfplots 2021/05/15 v1.18.1 Data Visualization (1.18.1)

(/home/zaikunzhang/local/texlive/2021/texmf-dist/tex/generic/pgfplots/pgfplots.
code.tex
(/home/zaikunzhang/local/texlive/2021/texmf-dist/tex/generic/pgfplots/pgfplotsc
ore.code.tex
\t@pgfplots@toka=\toks44
\t@pgfplots@tokb=\toks45
\t@pgfplots@tokc=\toks46
\pgfplots@tmpa=\dimen291
\c@pgfplots@coordindex=\count313
\c@pgfplots@scanlineindex=\count314

(/home/zaikunzhang/local/texlive/2021/texmf-dist/tex/generic/pgfplots/sys/pgfpl
otssysgeneric.code.tex))
(/home/zaikunzhang/local/texlive/2021/texmf-dist/tex/generic/pgfplots/libs/pgfp
lotslibrary.code.tex)
(/home/zaikunzhang/local/texlive/2021/texmf-dist/tex/generic/pgfplots/oldpgfcom
patib/pgfplotsoldpgfsupp_loader.code.tex
(/home/zaikunzhang/local/texlive/2021/texmf-dist/tex/generic/pgf/libraries/pgfl
ibraryfpu.code.tex))
(/home/zaikunzhang/local/texlive/2021/texmf-dist/tex/generic/pgfplots/util/pgfp
lotsutil.code.tex
(/home/zaikunzhang/local/texlive/2021/texmf-dist/tex/generic/pgfplots/liststruc
ture/pgfplotsliststructure.code.tex)
(/home/zaikunzhang/local/texlive/2021/texmf-dist/tex/generic/pgfplots/liststruc
ture/pgfplotsliststructureext.code.tex)
(/home/zaikunzhang/local/texlive/2021/texmf-dist/tex/generic/pgfplots/liststruc
ture/pgfplotsarray.code.tex
\c@pgfplotsarray@tmp=\count315
)
(/home/zaikunzhang/local/texlive/2021/texmf-dist/tex/generic/pgfplots/liststruc
ture/pgfplotsmatrix.code.tex)
(/home/zaikunzhang/local/texlive/2021/texmf-dist/tex/generic/pgfplots/numtable/
pgfplotstableshared.code.tex
\c@pgfplotstable@counta=\count316
\t@pgfplotstable@a=\toks47
)
(/home/zaikunzhang/local/texlive/2021/texmf-dist/tex/generic/pgfplots/liststruc
ture/pgfplotsdeque.code.tex)
(/home/zaikunzhang/local/texlive/2021/texmf-dist/tex/generic/pgfplots/util/pgfp
lotsbinary.code.tex
(/home/zaikunzhang/local/texlive/2021/texmf-dist/tex/generic/pgfplots/util/pgfp
lotsbinary.data.code.tex))
(/home/zaikunzhang/local/texlive/2021/texmf-dist/tex/generic/pgfplots/util/pgfp
lotsutil.verb.code.tex)
(/home/zaikunzhang/local/texlive/2021/texmf-dist/tex/generic/pgfplots/libs/pgfl
ibrarypgfplots.surfshading.code.tex
\c@pgfplotslibrarysurf@no=\count317

(/home/zaikunzhang/local/texlive/2021/texmf-dist/tex/generic/pgfplots/sys/pgfli
brarypgfplots.surfshading.pgfsys-xetex.def
(/home/zaikunzhang/local/texlive/2021/texmf-dist/tex/generic/pgfplots/sys/pgfli
brarypgfplots.surfshading.pgfsys-dvipdfmx.def
\c@pgfplotslibrarysurf@streamlen=\count318
))))
(/home/zaikunzhang/local/texlive/2021/texmf-dist/tex/generic/pgfplots/util/pgfp
lotscolormap.code.tex
(/home/zaikunzhang/local/texlive/2021/texmf-dist/tex/generic/pgfplots/util/pgfp
lotscolor.code.tex))
(/home/zaikunzhang/local/texlive/2021/texmf-dist/tex/generic/pgfplots/pgfplotss
tackedplots.code.tex)
(/home/zaikunzhang/local/texlive/2021/texmf-dist/tex/generic/pgfplots/pgfplotsp
lothandlers.code.tex
(/home/zaikunzhang/local/texlive/2021/texmf-dist/tex/generic/pgfplots/pgfplotsm
eshplothandler.code.tex
(/home/zaikunzhang/local/texlive/2021/texmf-dist/tex/generic/pgfplots/pgfplotsm
eshplotimage.code.tex)))
(/home/zaikunzhang/local/texlive/2021/texmf-dist/tex/generic/pgfplots/pgfplots.
scaling.code.tex)
(/home/zaikunzhang/local/texlive/2021/texmf-dist/tex/generic/pgfplots/pgfplotsc
oordprocessing.code.tex)
(/home/zaikunzhang/local/texlive/2021/texmf-dist/tex/generic/pgfplots/pgfplots.
errorbars.code.tex)
(/home/zaikunzhang/local/texlive/2021/texmf-dist/tex/generic/pgfplots/pgfplots.
markers.code.tex)
(/home/zaikunzhang/local/texlive/2021/texmf-dist/tex/generic/pgfplots/pgfplotst
icks.code.tex)
(/home/zaikunzhang/local/texlive/2021/texmf-dist/tex/generic/pgfplots/pgfplots.
paths.code.tex)
(/home/zaikunzhang/local/texlive/2021/texmf-dist/tex/generic/pgf/frontendlayer/
tikz/libraries/tikzlibrarydecorations.pathmorphing.code.tex
(/home/zaikunzhang/local/texlive/2021/texmf-dist/tex/generic/pgf/libraries/deco
rations/pgflibrarydecorations.pathmorphing.code.tex))
(/home/zaikunzhang/local/texlive/2021/texmf-dist/tex/generic/pgf/frontendlayer/
tikz/libraries/tikzlibrarydecorations.pathreplacing.code.tex
(/home/zaikunzhang/local/texlive/2021/texmf-dist/tex/generic/pgf/libraries/deco
rations/pgflibrarydecorations.pathreplacing.code.tex))
(/home/zaikunzhang/local/texlive/2021/texmf-dist/tex/generic/pgfplots/libs/tikz
librarypgfplots.contourlua.code.tex)
\pgfplots@numplots=\count319
\pgfplots@xmin@reg=\dimen292
\pgfplots@xmax@reg=\dimen293
\pgfplots@ymin@reg=\dimen294
\pgfplots@ymax@reg=\dimen295
\pgfplots@zmin@reg=\dimen296
\pgfplots@zmax@reg=\dimen297
)
(/home/zaikunzhang/local/texlive/2021/texmf-dist/tex/generic/pgf/frontendlayer/
tikz/libraries/tikzlibraryplotmarks.code.tex
File: tikzlibraryplotmarks.code.tex 2021/05/15 v3.1.9a (3.1.9a)

(/home/zaikunzhang/local/texlive/2021/texmf-dist/tex/generic/pgf/libraries/pgfl
ibraryplotmarks.code.tex
File: pgflibraryplotmarks.code.tex 2021/05/15 v3.1.9a (3.1.9a)
)))
(/home/zaikunzhang/local/texlive/2021/texmf-dist/tex/latex/pgfplots/pgfplotstab
le.sty
(/home/zaikunzhang/local/texlive/2021/texmf-dist/tex/generic/pgfplots/pgfplots.
revision.tex)
Package: pgfplotstable 2021/05/15 v1.18.1 Table typesetting and Pretty-printing
 (1.18.1)

(/home/zaikunzhang/local/texlive/2021/texmf-dist/tex/generic/pgfplots/numtable/
pgfplotstable.code.tex
(/home/zaikunzhang/local/texlive/2021/texmf-dist/tex/generic/pgfplots/numtable/
pgfplotstable.coltype.code.tex)))
(/home/zaikunzhang/local/texlive/2021/texmf-dist/tex/latex/caption/caption.sty
Package: caption 2020/10/26 v3.5g Customizing captions (AR)

(/home/zaikunzhang/local/texlive/2021/texmf-dist/tex/latex/caption/caption3.sty
Package: caption3 2020/10/21 v2.2e caption3 kernel (AR)
\captionmargin=\dimen298
\captionmargin@=\dimen299
\captionwidth=\dimen300
\caption@tempdima=\dimen301
\caption@indent=\dimen302
\caption@parindent=\dimen303
\caption@hangindent=\dimen304
Package caption Info: Standard document class detected.
)
\c@caption@flags=\count320
\c@continuedfloat=\count321
Package caption Info: longtable package is loaded.

(/home/zaikunzhang/local/texlive/2021/texmf-dist/tex/latex/caption/ltcaption.st
y
Package: ltcaption 2020/05/30 v1.4b longtable captions (AR)
)
Package caption Info: rotating package is loaded.
)
(/home/zaikunzhang/local/texlive/2021/texmf-dist/tex/generic/pgfplots/libs/tikz
librarypgfplots.fillbetween.code.tex
(/home/zaikunzhang/local/texlive/2021/texmf-dist/tex/generic/pgfplots/pgfcontri
b/tikzlibraryfillbetween.code.tex
(/home/zaikunzhang/local/texlive/2021/texmf-dist/tex/generic/pgf/frontendlayer/
tikz/libraries/tikzlibraryintersections.code.tex
(/home/zaikunzhang/local/texlive/2021/texmf-dist/tex/generic/pgf/libraries/pgfl
ibraryintersections.code.tex
\pgf@intersect@solutions=\count322
))
(/home/zaikunzhang/local/texlive/2021/texmf-dist/tex/generic/pgfplots/pgfcontri
b/tikzlibrarydecorations.softclip.code.tex
(/home/zaikunzhang/local/texlive/2021/texmf-dist/tex/generic/pgfplots/pgfcontri
b/pgflibraryfillbetween.code.tex)))
(/home/zaikunzhang/local/texlive/2021/texmf-dist/tex/generic/pgfplots/libs/tikz
librarypgfplots.decorations.softclip.code.tex))
(/home/zaikunzhang/local/texlive/2021/texmf-dist/tex/latex/accents/accents.sty
Package: accents 2006/05/12 v1.4 Math Accent Tools
\cc@skew=\dimen305
\cc@wd=\dimen306
\cc@code=\count323
\cc@group=\count324
\cc@skewchar=\count325
) (/home/zaikunzhang/local/texlive/2021/texmf-dist/tex/latex/tools/xspace.sty
Package: xspace 2014/10/28 v1.13 Space after command names (DPC,MH)
)
(/home/zaikunzhang/local/texlive/2021/texmf-dist/tex/latex/silence/silence.sty
Package: silence 2012/07/02 v1.5b Selective filtering of warnings and error mes
sages
\sl@Save=\count326
\sl@StateNumber=\count327
\sl@MessageCount=\count328
\sl@Casualties=\count329
\sl@Filter=\toks48
\sl@Message=\toks49
\sl@UnexpandedMessage=\toks50
\sl@Mess@ge=\toks51
\sl@WarningCount=\count330
\sl@WarningNumber=\count331
\sl@WarningCasualties=\count332
\sl@TempBOW=\toks52
\sl@BankOfWarnings=\toks53
LaTeX Info: Redefining \GenericWarning on input line 433.
\sl@ErrorCount=\count333
\sl@ErrorNumber=\count334
\sl@ErrorCasualties=\count335
\sl@TempBOE=\toks54
\sl@BankOfErrors=\toks55
LaTeX Info: Redefining \GenericError on input line 601.
) (/home/zaikunzhang/local/texlive/2021/texmf-dist/tex/generic/ulem/ulem.sty
\UL@box=\box99
\UL@hyphenbox=\box100
\UL@skip=\skip70
\UL@hook=\toks56
\UL@height=\dimen307
\UL@pe=\count336
\UL@pixel=\dimen308
\ULC@box=\box101
Package: ulem 2019/11/18
\ULdepth=\dimen309
)
(/home/zaikunzhang/local/texlive/2021/texmf-dist/tex/latex/appendix/appendix.st
y
Package: appendix 2020/02/08 v1.2c extra appendix facilities
\c@@pps=\count337
\c@@ppsavesec=\count338
\c@@ppsaveapp=\count339
)
(/home/zaikunzhang/local/texlive/2021/texmf-dist/tex/latex/multirow/multirow.st
y
Package: multirow 2021/03/15 v2.8 Span multiple rows of a table
\multirow@colwidth=\skip71
\multirow@cntb=\count340
\multirow@dima=\skip72
\bigstrutjot=\dimen310
)
(/home/zaikunzhang/local/texlive/2021/texmf-dist/tex/latex/booktabs/booktabs.st
y
Package: booktabs 2020/01/12 v1.61803398 Publication quality tables
\heavyrulewidth=\dimen311
\lightrulewidth=\dimen312
\cmidrulewidth=\dimen313
\belowrulesep=\dimen314
\belowbottomsep=\dimen315
\aboverulesep=\dimen316
\abovetopsep=\dimen317
\cmidrulesep=\dimen318
\cmidrulekern=\dimen319
\defaultaddspace=\dimen320
\@cmidla=\count341
\@cmidlb=\count342
\@aboverulesep=\dimen321
\@belowrulesep=\dimen322
\@thisruleclass=\count343
\@lastruleclass=\count344
\@thisrulewidth=\dimen323
)
(/home/zaikunzhang/local/texlive/2021/texmf-dist/tex/latex/enumitem/enumitem.st
y
Package: enumitem 2019/06/20 v3.9 Customized lists
\labelindent=\skip73
\enit@outerparindent=\dimen324
\enit@toks=\toks57
\enit@inbox=\box102
\enit@count@id=\count345
\enitdp@description=\count346
) (/home/zaikunzhang/local/texlive/2021/texmf-dist/tex/latex/was/upgreek.sty
Package: upgreek 2003/02/12 v2.0 (WaS)
Package upgreek Info: Using Euler Roman for upright Greek on input line 31.
\symugrf@m=\mathgroup10
LaTeX Font Info:    Overwriting symbol font `ugrf@m' in version `bold'
(Font)                  U/eur/m/n --> U/eur/b/n on input line 38.
)
(/home/zaikunzhang/local/texlive/2021/texmf-dist/tex/latex/hyperref/hyperref.st
y
Package: hyperref 2021-06-07 v7.00m Hypertext links for LaTeX

(/home/zaikunzhang/local/texlive/2021/texmf-dist/tex/generic/ltxcmds/ltxcmds.st
y
Package: ltxcmds 2020-05-10 v1.25 LaTeX kernel commands for general use (HO)
) (/home/zaikunzhang/local/texlive/2021/texmf-dist/tex/generic/iftex/iftex.sty
Package: iftex 2020/03/06 v1.0d TeX engine tests
)
(/home/zaikunzhang/local/texlive/2021/texmf-dist/tex/generic/pdftexcmds/pdftexc
mds.sty
Package: pdftexcmds 2020-06-27 v0.33 Utility functions of pdfTeX for LuaTeX (HO
)

(/home/zaikunzhang/local/texlive/2021/texmf-dist/tex/generic/infwarerr/infwarer
r.sty
Package: infwarerr 2019/12/03 v1.5 Providing info/warning/error messages (HO)
)
Package pdftexcmds Info: \pdf@primitive is available.
Package pdftexcmds Info: \pdf@ifprimitive is available.
Package pdftexcmds Info: \pdfdraftmode not found.
)
(/home/zaikunzhang/local/texlive/2021/texmf-dist/tex/generic/kvsetkeys/kvsetkey
s.sty
Package: kvsetkeys 2019/12/15 v1.18 Key value parser (HO)
)
(/home/zaikunzhang/local/texlive/2021/texmf-dist/tex/generic/kvdefinekeys/kvdef
inekeys.sty
Package: kvdefinekeys 2019-12-19 v1.6 Define keys (HO)
)
(/home/zaikunzhang/local/texlive/2021/texmf-dist/tex/generic/pdfescape/pdfescap
e.sty
Package: pdfescape 2019/12/09 v1.15 Implements pdfTeX's escape features (HO)
)
(/home/zaikunzhang/local/texlive/2021/texmf-dist/tex/latex/hycolor/hycolor.sty
Package: hycolor 2020-01-27 v1.10 Color options for hyperref/bookmark (HO)
) (/home/zaikunzhang/local/texlive/2021/texmf-dist/tex/latex/auxhook/auxhook.st
y
Package: auxhook 2019-12-17 v1.6 Hooks for auxiliary files (HO)
)
(/home/zaikunzhang/local/texlive/2021/texmf-dist/tex/latex/kvoptions/kvoptions.
sty
Package: kvoptions 2020-10-07 v3.14 Key value format for package options (HO)
)
\@linkdim=\dimen325
\Hy@linkcounter=\count347
\Hy@pagecounter=\count348

(/home/zaikunzhang/local/texlive/2021/texmf-dist/tex/latex/hyperref/pd1enc.def
File: pd1enc.def 2021-06-07 v7.00m Hyperref: PDFDocEncoding definition (HO)
)
(/home/zaikunzhang/local/texlive/2021/texmf-dist/tex/latex/hyperref/hyperref-la
ngpatches.def
File: hyperref-langpatches.def 2021-06-07 v7.00m Hyperref: patches for babel la
nguages
)
(/home/zaikunzhang/local/texlive/2021/texmf-dist/tex/generic/intcalc/intcalc.st
y
Package: intcalc 2019/12/15 v1.3 Expandable calculations with integers (HO)
)
(/home/zaikunzhang/local/texlive/2021/texmf-dist/tex/generic/etexcmds/etexcmds.
sty
Package: etexcmds 2019/12/15 v1.7 Avoid name clashes with e-TeX commands (HO)
)
\Hy@SavedSpaceFactor=\count349

(/home/zaikunzhang/local/texlive/2021/texmf-dist/tex/latex/hyperref/puenc.def
File: puenc.def 2021-06-07 v7.00m Hyperref: PDF Unicode definition (HO)
)
Package hyperref Info: Hyper figures OFF on input line 4192.
Package hyperref Info: Link nesting OFF on input line 4197.
Package hyperref Info: Hyper index ON on input line 4200.
Package hyperref Info: Plain pages OFF on input line 4207.
Package hyperref Info: Backreferencing OFF on input line 4212.
Package hyperref Info: Implicit mode ON; LaTeX internals redefined.
Package hyperref Info: Bookmarks ON on input line 4445.
\c@Hy@tempcnt=\count350
LaTeX Info: Redefining \url on input line 4804.
\XeTeXLinkMargin=\dimen326

(/home/zaikunzhang/local/texlive/2021/texmf-dist/tex/generic/bitset/bitset.sty
Package: bitset 2019/12/09 v1.3 Handle bit-vector datatype (HO)

(/home/zaikunzhang/local/texlive/2021/texmf-dist/tex/generic/bigintcalc/bigintc
alc.sty
Package: bigintcalc 2019/12/15 v1.5 Expandable calculations on big integers (HO
)
))
\Fld@menulength=\count351
\Field@Width=\dimen327
\Fld@charsize=\dimen328
Package hyperref Info: Hyper figures OFF on input line 6076.
Package hyperref Info: Link nesting OFF on input line 6081.
Package hyperref Info: Hyper index ON on input line 6084.
Package hyperref Info: backreferencing OFF on input line 6091.
Package hyperref Info: Link coloring OFF on input line 6096.
Package hyperref Info: Link coloring with OCG OFF on input line 6101.
Package hyperref Info: PDF/A mode OFF on input line 6106.
LaTeX Info: Redefining \ref on input line 6146.
LaTeX Info: Redefining \pageref on input line 6150.

(/home/zaikunzhang/local/texlive/2021/texmf-dist/tex/latex/base/atbegshi-ltx.st
y
Package: atbegshi-ltx 2021/01/10 v1.0c Emulation of the original atbegshi
package with kernel methods
)
\Hy@abspage=\count352
\c@Item=\count353
\c@Hfootnote=\count354
)
Package hyperref Info: Driver (autodetected): hxetex.

(/home/zaikunzhang/local/texlive/2021/texmf-dist/tex/latex/hyperref/hxetex.def
File: hxetex.def 2021-06-07 v7.00m Hyperref driver for XeTeX

(/home/zaikunzhang/local/texlive/2021/texmf-dist/tex/generic/stringenc/stringen
c.sty
Package: stringenc 2019/11/29 v1.12 Convert strings between diff. encodings (HO
)
)
\pdfm@box=\box103
\c@Hy@AnnotLevel=\count355
\HyField@AnnotCount=\count356
\Fld@listcount=\count357
\c@bookmark@seq@number=\count358

(/home/zaikunzhang/local/texlive/2021/texmf-dist/tex/latex/rerunfilecheck/rerun
filecheck.sty
Package: rerunfilecheck 2019/12/05 v1.9 Rerun checks for auxiliary files (HO)

(/home/zaikunzhang/local/texlive/2021/texmf-dist/tex/latex/base/atveryend-ltx.s
ty
Package: atveryend-ltx 2020/08/19 v1.0a Emulation of the original atveryend pac
kage
with kernel methods
)
(/home/zaikunzhang/local/texlive/2021/texmf-dist/tex/generic/uniquecounter/uniq
uecounter.sty
Package: uniquecounter 2019/12/15 v1.4 Provide unlimited unique counter (HO)
)
Package uniquecounter Info: New unique counter `rerunfilecheck' on input line 2
86.
)
\Hy@SectionHShift=\skip74
)
Package hyperref Info: Option `colorlinks' set `true' on input line 68.

(/home/zaikunzhang/local/texlive/2021/texmf-dist/tex/latex/algorithms/algorithm
.sty
Invalid UTF-8 byte or sequence at line 11 replaced by U+FFFD.
Package: algorithm 2009/08/24 v0.1 Document Style `algorithm' - floating enviro
nment
 (/home/zaikunzhang/local/texlive/2021/texmf-dist/tex/latex/float/float.sty
Package: float 2001/11/08 v1.3d Float enhancements (AL)
\c@float@type=\count359
\float@exts=\toks58
\float@box=\box104
\@float@everytoks=\toks59
\@floatcapt=\box105
)
\@float@every@algorithm=\toks60
\c@algorithm=\count360
)
(/home/zaikunzhang/local/texlive/2021/texmf-dist/tex/latex/algorithmicx/algpseu
docode.sty
Package: algpseudocode 

(/home/zaikunzhang/local/texlive/2021/texmf-dist/tex/latex/algorithmicx/algorit
hmicx.sty
Package: algorithmicx 2005/04/27 v1.2 Algorithmicx

Document Style algorithmicx 1.2 - a greatly improved `algorithmic' style
\c@ALG@line=\count361
\c@ALG@rem=\count362
\c@ALG@nested=\count363
\ALG@tlm=\skip75
\ALG@thistlm=\skip76
\c@ALG@Lnr=\count364
\c@ALG@blocknr=\count365
\c@ALG@storecount=\count366
\c@ALG@tmpcounter=\count367
\ALG@tmplength=\skip77
)
Document Style - pseudocode environments for use with the `algorithmicx' style
)
\c@theorem=\count368
\c@acknowledgement=\count369
\c@alg=\count370
\c@axiom=\count371
\c@case=\count372
\c@claim=\count373
\c@conclusion=\count374
\c@condition=\count375
\c@conjecture=\count376
\c@corollary=\count377
\c@criterion=\count378
\c@exercise=\count379
\c@lemma=\count380
\c@notation=\count381
\c@problem=\count382
\c@proposition=\count383
\c@remark=\count384
\c@solution=\count385
\c@assumption=\count386
\c@summary=\count387
\c@note=\count388
\c@doubt=\count389
\c@properties=\count390
\c@example=\count391
\c@definition=\count392
 (/home/zaikunzhang/local/texlive/2021/texmf-dist/tex/latex/xpatch/xpatch.sty
Package: xpatch 2020/03/25 v0.3a Extending etoolbox patching commands
)
(/home/zaikunzhang/local/texlive/2021/texmf-dist/tex/latex/ncctools/nccmath.sty
Package: nccmath 2006/01/20 v1.3 Additional Math Commands (NCC)
\NCC@fracrulewidth=\dimen329
)
(/home/zaikunzhang/local/texlive/2021/texmf-dist/tex/latex/relsize/relsize.sty
Package: relsize 2013/03/29 ver 4.1
)
LaTeX Font Info:    Overwriting math alphabet `\mathsfit' in version `bold'
(Font)                  T1/lmss/m/sl --> T1/lmss/b/sl on input line 194.
LaTeX Font Info:    Overwriting math alphabet `\mathlcal' in version `bold'
(Font)                  U/dutchcal/m/n --> U/dutchcal/b/n on input line 220.

(/home/zaikunzhang/local/texlive/2021/texmf-dist/tex/latex/mathalpha/mathalfa.s
ty)
(/home/zaikunzhang/local/texlive/2021/texmf-dist/tex/latex/mathalpha/mathalpha.
sty
Package: mathalpha 2021/11/18 - 1.143mathalpha (License LPPL) Michael Sharpe
 `mathalpha' v1.143, 2021/11/18, a renaming of mathalfa (msharpe)
(/home/zaikunzhang/local/texlive/2021/texmf-dist/tex/latex/xkeyval/xkeyval.sty
Package: xkeyval 2020/11/20 v2.8 package option processing (HA)

(/home/zaikunzhang/local/texlive/2021/texmf-dist/tex/generic/xkeyval/xkeyval.te
x
(/home/zaikunzhang/local/texlive/2021/texmf-dist/tex/generic/xkeyval/xkvutils.t
ex
\XKV@toks=\toks61
\XKV@tempa@toks=\toks62
)
\XKV@depth=\count393
File: xkeyval.tex 2014/12/03 v2.7a key=value parser (HA)
))
LaTeX Font Info:    Overwriting math alphabet `\mathscr' in version `bold'
(Font)                  U/boondoxuprs/m/n --> U/boondoxuprs/b/n on input line 1
014.
)
\tikzscale@accuracy=\skip78
 (./baire.aux)
\openout1 = `baire.aux'.

LaTeX Font Info:    Checking defaults for OML/cmm/m/it on input line 274.
LaTeX Font Info:    ... okay on input line 274.
LaTeX Font Info:    Checking defaults for OMS/cmsy/m/n on input line 274.
LaTeX Font Info:    ... okay on input line 274.
LaTeX Font Info:    Checking defaults for OT1/cmr/m/n on input line 274.
LaTeX Font Info:    ... okay on input line 274.
LaTeX Font Info:    Checking defaults for T1/cmr/m/n on input line 274.
LaTeX Font Info:    ... okay on input line 274.
LaTeX Font Info:    Checking defaults for TS1/cmr/m/n on input line 274.
LaTeX Font Info:    Trying to load font information for TS1+cmr on input line 2
74.

(/home/zaikunzhang/local/texlive/2021/texmf-dist/tex/latex/base/ts1cmr.fd
File: ts1cmr.fd 2019/12/16 v2.5j Standard LaTeX font definitions
)
LaTeX Font Info:    ... okay on input line 274.
LaTeX Font Info:    Checking defaults for TU/lmr/m/n on input line 274.
LaTeX Font Info:    ... okay on input line 274.
LaTeX Font Info:    Checking defaults for OMX/cmex/m/n on input line 274.
LaTeX Font Info:    ... okay on input line 274.
LaTeX Font Info:    Checking defaults for U/cmr/m/n on input line 274.
LaTeX Font Info:    ... okay on input line 274.
LaTeX Font Info:    Checking defaults for PD1/pdf/m/n on input line 274.
LaTeX Font Info:    ... okay on input line 274.
LaTeX Font Info:    Checking defaults for PU/pdf/m/n on input line 274.
LaTeX Font Info:    ... okay on input line 274.

Package pgfplots notification 'compat/show suggested version=true': you might b
enefit from \pgfplotsset{compat=1.18} (current compat level: 1.11).

Package caption Info: Begin \AtBeginDocument code.
Package caption Info: float package is loaded.
Package caption Info: hyperref package is loaded.
Package caption Info: End \AtBeginDocument code.
Package hyperref Info: Link coloring ON on input line 274.

(/home/zaikunzhang/local/texlive/2021/texmf-dist/tex/latex/hyperref/nameref.sty
Package: nameref 2021-04-02 v2.47 Cross-referencing by name of section

(/home/zaikunzhang/local/texlive/2021/texmf-dist/tex/latex/refcount/refcount.st
y
Package: refcount 2019/12/15 v3.6 Data extraction from label references (HO)
)
(/home/zaikunzhang/local/texlive/2021/texmf-dist/tex/generic/gettitlestring/get
titlestring.sty
Package: gettitlestring 2019/12/15 v1.6 Cleanup title references (HO)
)
\c@section@level=\count394
)
LaTeX Info: Redefining \ref on input line 274.
LaTeX Info: Redefining \pageref on input line 274.
LaTeX Info: Redefining \nameref on input line 274.
 (./baire.out) (./baire.out)
\@outlinefile=\write4
\openout4 = `baire.out'.

LaTeX Font Info:    Trying to load font information for U+msa on input line 277
.

(/home/zaikunzhang/local/texlive/2021/texmf-dist/tex/latex/amsfonts/umsa.fd
File: umsa.fd 2013/01/14 v3.01 AMS symbols A
)
LaTeX Font Info:    Trying to load font information for U+msb on input line 277
.

(/home/zaikunzhang/local/texlive/2021/texmf-dist/tex/latex/amsfonts/umsb.fd
File: umsb.fd 2013/01/14 v3.01 AMS symbols B
)
LaTeX Font Info:    Trying to load font information for U+bbold on input line 2
77.

(/home/zaikunzhang/local/texlive/2021/texmf-dist/tex/latex/bbold/Ubbold.fd)
Underfull \hbox (badness 1515) in paragraph at lines 277--277
[][]\TU/lmr/m/n/9 Department of Applied Mathematics, The Hong Kong Polytechnic 
University, Hong Kong, China
 []

[1

] [2] [3] [4] [5] [6] (./baire.bbl) [7] (./baire.aux)
Package rerunfilecheck Info: File `baire.out' has not changed.
(rerunfilecheck)             Checksum: 78A8E064C1885CF7DAC3DB51A6DE518F;848.
 ) 
Here is how much of TeX's memory you used:
 40794 strings out of 476257
 975689 string characters out of 5805390
 1388013 words of memory out of 5000000
 60661 multiletter control sequences out of 15000+600000
 420715 words of font info for 105 fonts, out of 8000000 for 9000
 1348 hyphenation exceptions out of 8191
 84i,11n,89p,727b,550s stack positions out of 5000i,500n,10000p,200000b,80000s

Output written on baire.pdf (7 pages).
